{"data":{"limit":60,"proj":"D:\\First Beat CH Memory System"},"hypothesisId":"H2","location":"main.rs:hologram_timeline","message":"command scheduled","sessionId":"5a7212","timestamp":1781769124884}
{"data":{"engine_ms":0,"event_count":0,"queue_wait_ms":2,"total_ms":2},"hypothesisId":"H5","location":"main.rs:hologram_timeline:blocking","message":"blocking work done","sessionId":"5a7212","timestamp":1781769124885}
{"data":{"ms":257,"new_root":"D:\\First Beat CH Memory System","node_count":18879,"old_root":"","switched":false},"hypothesisId":"WS2","location":"engine.rs:init","message":"engine init done","sessionId":"5a7212","timestamp":1781769125770}
{"data":{"limit":60,"proj":"D:\\First Beat CH Memory System"},"hypothesisId":"H2","location":"main.rs:hologram_timeline","message":"command scheduled","sessionId":"5a7212","timestamp":1781769131227}
{"data":{"count":6,"err":null,"has_conn":true,"limit":60,"lock_ms":0,"ok":true,"sql_ms":0,"total_ms":0},"hypothesisId":"H5","location":"engine.rs:query_timeline","message":"sqlite timeline query","sessionId":"5a7212","timestamp":1781769131228}
{"data":{"engine_ms":1,"event_count":6,"queue_wait_ms":0,"total_ms":2},"hypothesisId":"H5","location":"main.rs:hologram_timeline:blocking","message":"blocking work done","sessionId":"5a7212","timestamp":1781769131229}
{"data":{"limit":60,"proj":"D:\\First Beat CH Memory System"},"hypothesisId":"H2","location":"main.rs:hologram_timeline","message":"command scheduled","sessionId":"5a7212","timestamp":1781769242659}
{"data":{"engine_ms":0,"event_count":0,"queue_wait_ms":0,"total_ms":0},"hypothesisId":"H5","location":"main.rs:hologram_timeline:blocking","message":"blocking work done","sessionId":"5a7212","timestamp":1781769242660}
{"data":{"ms":259,"new_root":"D:\\First Beat CH Memory System","node_count":18879,"old_root":"","switched":false},"hypothesisId":"WS2","location":"engine.rs:init","message":"engine init done","sessionId":"5a7212","timestamp":1781769243771}
{"data":{"limit":60,"proj":"D:\\First Beat CH Memory System"},"hypothesisId":"H2","location":"main.rs:hologram_timeline","message":"command scheduled","sessionId":"5a7212","timestamp":1781769247535}
{"data":{"count":6,"err":null,"has_conn":true,"limit":60,"lock_ms":0,"ok":true,"sql_ms":0,"total_ms":0},"hypothesisId":"H5","location":"engine.rs:query_timeline","message":"sqlite timeline query","sessionId":"5a7212","timestamp":1781769247536}
{"data":{"engine_ms":0,"event_count":6,"queue_wait_ms":0,"total_ms":1},"hypothesisId":"H5","location":"main.rs:hologram_timeline:blocking","message":"blocking work done","sessionId":"5a7212","timestamp":1781769247537}
{"data":{"target":"D:\\HoloGramHG\\.hologram"},"hypothesisId":"WS4","location":"main.rs:run_analyze_with_progress","message":"analyze scheduled","sessionId":"5a7212","timestamp":1781769271625}
{"data":{"path":"D:\\HoloGramHG\\.hologram"},"hypothesisId":"WS5","location":"main.rs:direct_analyze","message":"direct_analyze start","sessionId":"5a7212","timestamp":1781769271626}
{"data":{"ms":78,"new_root":"D:\\HoloGramHG\\.hologram","node_count":0,"old_root":"D:\\First Beat CH Memory System","switched":true},"hypothesisId":"WS2","location":"engine.rs:init","message":"engine init done","sessionId":"5a7212","timestamp":1781769271705}
{"data":{"analyze_lock_wait_ms":0,"project":"D:\\HoloGramHG\\.hologram"},"hypothesisId":"WS5","location":"engine.rs:analyze","message":"analyze start","sessionId":"5a7212","timestamp":1781769271705}
{"data":{"analyze_lock_wait_ms":0,"edge_count":0,"elapsed_ms":3,"node_count":0,"project":"D:\\HoloGramHG\\.hologram"},"hypothesisId":"WS5","location":"engine.rs:analyze","message":"analyze done","sessionId":"5a7212","timestamp":1781769271708}
{"data":{"analyze_ms":3,"init_ms":79,"nodes":0,"path":"D:\\HoloGramHG\\.hologram","total_ms":90},"hypothesisId":"WS3","location":"main.rs:direct_analyze","message":"direct_analyze done","sessionId":"5a7212","timestamp":1781769271716}
{"data":{"err":null,"ok":true,"target":"D:\\HoloGramHG\\.hologram","total_ms":91},"hypothesisId":"WS4","location":"main.rs:run_analyze_with_progress","message":"analyze_handle finished","sessionId":"5a7212","timestamp":1781769271716}
{"data":{"limit":60,"proj":"D:\\HoloGramHG\\.hologram"},"hypothesisId":"H2","location":"main.rs:hologram_timeline","message":"command scheduled","sessionId":"5a7212","timestamp":1781769273651}
{"data":{"count":1,"err":null,"has_conn":true,"limit":60,"lock_ms":0,"ok":true,"sql_ms":0,"total_ms":0},"hypothesisId":"H5","location":"engine.rs:query_timeline","message":"sqlite timeline query","sessionId":"5a7212","timestamp":1781769273659}
{"data":{"engine_ms":0,"event_count":1,"queue_wait_ms":7,"total_ms":8},"hypothesisId":"H5","location":"main.rs:hologram_timeline:blocking","message":"blocking work done","sessionId":"5a7212","timestamp":1781769273660}
{"data":{"count":1,"err":null,"has_conn":true,"limit":3,"lock_ms":0,"ok":true,"sql_ms":0,"total_ms":0},"hypothesisId":"H5","location":"engine.rs:query_timeline","message":"sqlite timeline query","sessionId":"5a7212","timestamp":1781769273669}
{"data":{"path":"D:\\HoloGramHG\\.hologram"},"hypothesisId":"WS5","location":"main.rs:direct_analyze","message":"direct_analyze start","sessionId":"5a7212","timestamp":1781769273686}
{"data":{"analyze_lock_wait_ms":0,"project":"D:\\HoloGramHG\\.hologram"},"hypothesisId":"WS5","location":"engine.rs:analyze","message":"analyze start","sessionId":"5a7212","timestamp":1781769273686}
{"data":{"analyze_lock_wait_ms":0,"edge_count":0,"elapsed_ms":22,"node_count":3,"project":"D:\\HoloGramHG\\.hologram"},"hypothesisId":"WS5","location":"engine.rs:analyze","message":"analyze done","sessionId":"5a7212","timestamp":1781769273716}
{"data":{"analyze_ms":30,"init_ms":0,"nodes":3,"path":"D:\\HoloGramHG\\.hologram","total_ms":32},"hypothesisId":"WS3","location":"main.rs:direct_analyze","message":"direct_analyze done","sessionId":"5a7212","timestamp":1781769273718}
{"data":{"limit":60,"proj":"D:\\HoloGramHG\\.hologram"},"hypothesisId":"H2","location":"main.rs:hologram_timeline","message":"command scheduled","sessionId":"5a7212","timestamp":1781769274333}
{"data":{"count":3,"err":null,"has_conn":true,"limit":60,"lock_ms":0,"ok":true,"sql_ms":0,"total_ms":0},"hypothesisId":"H5","location":"engine.rs:query_timeline","message":"sqlite timeline query","sessionId":"5a7212","timestamp":1781769274334}
{"data":{"engine_ms":0,"event_count":3,"queue_wait_ms":0,"total_ms":1},"hypothesisId":"H5","location":"main.rs:hologram_timeline:blocking","message":"blocking work done","sessionId":"5a7212","timestamp":1781769274334}
{"data":{"target":"D:\\HoloGramHG"},"hypothesisId":"WS4","location":"main.rs:run_analyze_with_progress","message":"analyze scheduled","sessionId":"5a7212","timestamp":1781769289756}
{"data":{"path":"D:\\HoloGramHG"},"hypothesisId":"WS5","location":"main.rs:direct_analyze","message":"direct_analyze start","sessionId":"5a7212","timestamp":1781769289757}
{"data":{"ms":27,"new_root":"D:\\HoloGramHG","node_count":0,"old_root":"D:\\HoloGramHG\\.hologram","switched":true},"hypothesisId":"WS2","location":"engine.rs:init","message":"engine init done","sessionId":"5a7212","timestamp":1781769289785}
{"data":{"analyze_lock_wait_ms":0,"project":"D:\\HoloGramHG"},"hypothesisId":"WS5","location":"engine.rs:analyze","message":"analyze start","sessionId":"5a7212","timestamp":1781769289785}
{"data":{"elapsed_ms":326,"state":"Analyzing { started_at_ms: 1781769289785, phase: \"解析文件\", current: 0, total: 0, file: \"\" }","target":"D:\\HoloGramHG"},"hypothesisId":"WS2","location":"main.rs:run_analyze_with_progress:poll","message":"engine state","sessionId":"5a7212","timestamp":1781769290082}
{"data":{"elapsed_ms":5632,"state":"Analyzing { started_at_ms: 1781769289785, phase: \"跨文件解析\", current: 0, total: 0, file: \"\" }","target":"D:\\HoloGramHG"},"hypothesisId":"WS2","location":"main.rs:run_analyze_with_progress:poll","message":"engine state","sessionId":"5a7212","timestamp":1781769295388}
{"data":{"elapsed_ms":5942,"state":"Analyzing { started_at_ms: 1781769289785, phase: \"框架路由检测\", current: 0, total: 0, file: \"\" }","target":"D:\\HoloGramHG"},"hypothesisId":"WS2","location":"main.rs:run_analyze_with_progress:poll","message":"engine state","sessionId":"5a7212","timestamp":1781769295698}
{"data":{"elapsed_ms":7817,"state":"Analyzing { started_at_ms: 1781769289785, phase: \"动态调度合成\", current: 0, total: 0, file: \"\" }","target":"D:\\HoloGramHG"},"hypothesisId":"WS2","location":"main.rs:run_analyze_with_progress:poll","message":"engine state","sessionId":"5a7212","timestamp":1781769297573}
{"data":{"elapsed_ms":141470,"state":"Analyzing { started_at_ms: 1781769289785, phase: \"社区检测\", current: 0, total: 0, file: \"\" }","target":"D:\\HoloGramHG"},"hypothesisId":"WS2","location":"main.rs:run_analyze_with_progress:poll","message":"engine state","sessionId":"5a7212","timestamp":1781769431227}
{"data":{"elapsed_ms":141784,"state":"Analyzing { started_at_ms: 1781769289785, phase: \"写入数据库\", current: 0, total: 0, file: \"\" }","target":"D:\\HoloGramHG"},"hypothesisId":"WS2","location":"main.rs:run_analyze_with_progress:poll","message":"engine state","sessionId":"5a7212","timestamp":1781769431541}
{"data":{"analyze_lock_wait_ms":0,"edge_count":9448,"elapsed_ms":141495,"node_count":5007,"project":"D:\\HoloGramHG"},"hypothesisId":"WS5","location":"engine.rs:analyze","message":"analyze done","sessionId":"5a7212","timestamp":1781769433082}
{"data":{"elapsed_ms":143352,"state":"Ready { node_count: 5007, edge_count: 9448 }","target":"D:\\HoloGramHG"},"hypothesisId":"WS2","location":"main.rs:run_analyze_with_progress:poll","message":"engine state","sessionId":"5a7212","timestamp":1781769433108}
{"data":{"analyze_ms":143594,"init_ms":28,"nodes":5007,"path":"D:\\HoloGramHG","total_ms":144661},"hypothesisId":"WS3","location":"main.rs:direct_analyze","message":"direct_analyze done","sessionId":"5a7212","timestamp":1781769434418}
{"data":{"err":null,"ok":true,"target":"D:\\HoloGramHG","total_ms":144718},"hypothesisId":"WS4","location":"main.rs:run_analyze_with_progress","message":"analyze_handle finished","sessionId":"5a7212","timestamp":1781769434475}
{"data":{"limit":60,"proj":"D:\\HoloGramHG"},"hypothesisId":"H2","location":"main.rs:hologram_timeline","message":"command scheduled","sessionId":"5a7212","timestamp":1781769435266}
{"data":{"count":1,"err":null,"has_conn":true,"limit":3,"lock_ms":0,"ok":true,"sql_ms":0,"total_ms":0},"hypothesisId":"H5","location":"engine.rs:query_timeline","message":"sqlite timeline query","sessionId":"5a7212","timestamp":1781769435266}
{"data":{"count":1,"err":null,"has_conn":true,"limit":60,"lock_ms":0,"ok":true,"sql_ms":0,"total_ms":0},"hypothesisId":"H5","location":"engine.rs:query_timeline","message":"sqlite timeline query","sessionId":"5a7212","timestamp":1781769435267}
{"data":{"engine_ms":0,"event_count":1,"queue_wait_ms":0,"total_ms":1},"hypothesisId":"H5","location":"main.rs:hologram_timeline:blocking","message":"blocking work done","sessionId":"5a7212","timestamp":1781769435267}
{"data":{"limit":60,"proj":"D:\\HoloGramHG"},"hypothesisId":"H2","location":"main.rs:hologram_timeline","message":"command scheduled","sessionId":"5a7212","timestamp":1781769437495}
{"data":{"count":2,"err":null,"has_conn":true,"limit":60,"lock_ms":0,"ok":true,"sql_ms":0,"total_ms":0},"hypothesisId":"H5","location":"engine.rs:query_timeline","message":"sqlite timeline query","sessionId":"5a7212","timestamp":1781769437496}
{"data":{"engine_ms":0,"event_count":2,"queue_wait_ms":0,"total_ms":1},"hypothesisId":"H5","location":"main.rs:hologram_timeline:blocking","message":"blocking work done","sessionId":"5a7212","timestamp":1781769437496}
